<?xml version="1.0" encoding="UTF-8"?>
<!-- Generated by org.testng.reporters.JUnitXMLReporter -->
<testsuite ignored="0" hostname="DESKTOP-2JH3FP6" failures="0" tests="2" name="Default test" time="52.984" errors="0" timestamp="2022-12-15T14:45:30 IST">
  <testcase classname="neoStoxTestclasses.ValidateNeoStoxAccBalance2" name="validateUserID" time="0.525"/>
  <testcase classname="neoStoxTestclasses.ValidateNeoStoxAccBalance2" name="validateAccBalance" time="0.261"/>
</testsuite> <!-- Default test -->
