<?xml version="1.0" encoding="UTF-8"?>
<!-- Generated by org.testng.reporters.JUnitXMLReporter -->
<testsuite ignored="4" hostname="DESKTOP-2JH3FP6" failures="0" tests="4" name="Test1" time="0.147" errors="0" timestamp="2022-11-22T17:04:40 IST">
  <testcase classname="testNGXML.Testing1" name="A" time="0.02"/>
  <testcase classname="testNGXML.Testing1" name="D" time="0.004"/>
  <testcase classname="testNGXML.Testing2" name="F" time="0.006"/>
  <testcase classname="testNGXML.Testing2" name="H" time="0.006"/>
  <testcase classname="testNGXML.Testing1" name="C" time="0.0">
    <ignored/>
  </testcase> <!-- C -->
  <testcase classname="testNGXML.Testing1" name="B" time="0.0">
    <ignored/>
  </testcase> <!-- B -->
  <testcase classname="testNGXML.Testing2" name="E" time="0.0">
    <ignored/>
  </testcase> <!-- E -->
  <testcase classname="testNGXML.Testing2" name="G" time="0.0">
    <ignored/>
  </testcase> <!-- G -->
</testsuite> <!-- Test1 -->
