<?xml version="1.0" encoding="UTF-8"?>
<!-- Generated by org.testng.reporters.JUnitXMLReporter -->
<testsuite ignored="4" hostname="DESKTOP-2JH3FP6" failures="0" tests="4" name="Testgroup" time="0.13" errors="0" timestamp="2022-11-19T16:29:45 IST">
  <testcase classname="testNGXML.Testing3" name="E" time="0.017"/>
  <testcase classname="testNGXML.Testing3" name="G" time="0.006"/>
  <testcase classname="testNGXML.Testing4" name="A" time="0.006"/>
  <testcase classname="testNGXML.Testing4" name="C" time="0.005"/>
  <testcase classname="testNGXML.Testing3" name="H" time="0.0">
    <ignored/>
  </testcase> <!-- H -->
  <testcase classname="testNGXML.Testing4" name="D" time="0.0">
    <ignored/>
  </testcase> <!-- D -->
  <testcase classname="testNGXML.Testing4" name="B" time="0.0">
    <ignored/>
  </testcase> <!-- B -->
  <testcase classname="testNGXML.Testing3" name="F" time="0.0">
    <ignored/>
  </testcase> <!-- F -->
</testsuite> <!-- Testgroup -->
