<?xml version="1.0" encoding="UTF-8"?>
<testng-results ignored="0" total="2" passed="2" failed="0" skipped="0">
  <reporter-output>
    <line>
      <![CDATA[Readingurlfrom property file]]>
    </line>
    <line>
      <![CDATA[Launching Browser]]>
    </line>
    <line>
      <![CDATA[waiting for1000ms]]>
    </line>
    <line>
      <![CDATA[waiting for1000ms]]>
    </line>
    <line>
      <![CDATA[Clicking on Sign In button]]>
    </line>
    <line>
      <![CDATA[ReadingMobileNumfrom property file]]>
    </line>
    <line>
      <![CDATA[waiting for1000ms]]>
    </line>
    <line>
      <![CDATA[Entering mobileNumber]]>
    </line>
    <line>
      <![CDATA[waiting for1000ms]]>
    </line>
    <line>
      <![CDATA[Clicking on SignIN Button]]>
    </line>
    <line>
      <![CDATA[waiting for1000ms]]>
    </line>
    <line>
      <![CDATA[ReadingPasscodefrom property file]]>
    </line>
    <line>
      <![CDATA[waiting for3000ms]]>
    </line>
    <line>
      <![CDATA[Entering password]]>
    </line>
    <line>
      <![CDATA[waiting for3000ms]]>
    </line>
    <line>
      <![CDATA[Clicking on submit Button]]>
    </line>
    <line>
      <![CDATA[waiting for1000ms]]>
    </line>
    <line>
      <![CDATA[Handeling popup]]>
    </line>
    <line>
      <![CDATA[clciking on OK button of Popup]]>
    </line>
    <line>
      <![CDATA[waiting for1000ms]]>
    </line>
    <line>
      <![CDATA[clciking on Close button of Popup]]>
    </line>
    <line>
      <![CDATA[waiting for1000ms]]>
    </line>
    <line>
      <![CDATA[getting actual user name]]>
    </line>
    <line>
      <![CDATA[Actual user name is Akshay Nangare]]>
    </line>
    <line>
      <![CDATA[ReadingUserNamefrom property file]]>
    </line>
    <line>
      <![CDATA[waiting for1000ms]]>
    </line>
    <line>
      <![CDATA[getting actual user name]]>
    </line>
    <line>
      <![CDATA[Actual user name is Akshay Nangare]]>
    </line>
    <line>
      <![CDATA[waiting for500ms]]>
    </line>
    <line>
      <![CDATA[taking screenshot]]>
    </line>
    <line>
      <![CDATA[waiting for1000ms]]>
    </line>
    <line>
      <![CDATA[waiting for1000ms]]>
    </line>
    <line>
      <![CDATA[Logging out]]>
    </line>
    <line>
      <![CDATA[waiting for1000ms]]>
    </line>
    <line>
      <![CDATA[Clicking on Sign In button]]>
    </line>
    <line>
      <![CDATA[ReadingMobileNumfrom property file]]>
    </line>
    <line>
      <![CDATA[waiting for1000ms]]>
    </line>
    <line>
      <![CDATA[Entering mobileNumber]]>
    </line>
    <line>
      <![CDATA[waiting for1000ms]]>
    </line>
    <line>
      <![CDATA[Clicking on SignIN Button]]>
    </line>
    <line>
      <![CDATA[waiting for1000ms]]>
    </line>
    <line>
      <![CDATA[ReadingPasscodefrom property file]]>
    </line>
    <line>
      <![CDATA[waiting for3000ms]]>
    </line>
    <line>
      <![CDATA[Entering password]]>
    </line>
    <line>
      <![CDATA[waiting for3000ms]]>
    </line>
    <line>
      <![CDATA[Clicking on submit Button]]>
    </line>
    <line>
      <![CDATA[there is no Popup]]>
    </line>
    <line>
      <![CDATA[waiting for1000ms]]>
    </line>
    <line>
      <![CDATA[getting accBalance ]]>
    </line>
    <line>
      <![CDATA[Account Balance is Rs.5,00,000.00]]>
    </line>
    <line>
      <![CDATA[waiting for500ms]]>
    </line>
    <line>
      <![CDATA[taking screenshot]]>
    </line>
    <line>
      <![CDATA[waiting for1000ms]]>
    </line>
    <line>
      <![CDATA[waiting for1000ms]]>
    </line>
    <line>
      <![CDATA[Logging out]]>
    </line>
    <line>
      <![CDATA[closing browser]]>
    </line>
  </reporter-output>
  <suite started-at="2022-12-15T14:44:37 IST" name="Default suite" finished-at="2022-12-15T14:45:30 IST" duration-ms="52984">
    <groups>
    </groups>
    <test started-at="2022-12-15T14:44:37 IST" name="Default test" finished-at="2022-12-15T14:45:30 IST" duration-ms="52984">
      <class name="neoStoxTestclasses.ValidateNeoStoxAccBalance2">
        <test-method is-config="true" signature="launchNeoStox()[pri:0, instance:neoStoxTestclasses.ValidateNeoStoxAccBalance2@121314f7]" started-at="2022-12-15T14:44:37 IST" name="launchNeoStox" finished-at="2022-12-15T14:45:02 IST" duration-ms="25469" status="PASS">
          <reporter-output>
            <line>
              <![CDATA[Readingurlfrom property file]]>
            </line>
            <line>
              <![CDATA[Launching Browser]]>
            </line>
            <line>
              <![CDATA[waiting for1000ms]]>
            </line>
          </reporter-output>
        </test-method> <!-- launchNeoStox -->
        <test-method is-config="true" signature="logintoNeoStox()[pri:0, instance:neoStoxTestclasses.ValidateNeoStoxAccBalance2@121314f7]" started-at="2022-12-15T14:45:02 IST" name="logintoNeoStox" finished-at="2022-12-15T14:45:19 IST" duration-ms="16530" status="PASS">
          <reporter-output>
            <line>
              <![CDATA[waiting for1000ms]]>
            </line>
            <line>
              <![CDATA[Clicking on Sign In button]]>
            </line>
            <line>
              <![CDATA[ReadingMobileNumfrom property file]]>
            </line>
            <line>
              <![CDATA[waiting for1000ms]]>
            </line>
            <line>
              <![CDATA[Entering mobileNumber]]>
            </line>
            <line>
              <![CDATA[waiting for1000ms]]>
            </line>
            <line>
              <![CDATA[Clicking on SignIN Button]]>
            </line>
            <line>
              <![CDATA[waiting for1000ms]]>
            </line>
            <line>
              <![CDATA[ReadingPasscodefrom property file]]>
            </line>
            <line>
              <![CDATA[waiting for3000ms]]>
            </line>
            <line>
              <![CDATA[Entering password]]>
            </line>
            <line>
              <![CDATA[waiting for3000ms]]>
            </line>
            <line>
              <![CDATA[Clicking on submit Button]]>
            </line>
            <line>
              <![CDATA[waiting for1000ms]]>
            </line>
            <line>
              <![CDATA[Handeling popup]]>
            </line>
            <line>
              <![CDATA[clciking on OK button of Popup]]>
            </line>
            <line>
              <![CDATA[waiting for1000ms]]>
            </line>
            <line>
              <![CDATA[clciking on Close button of Popup]]>
            </line>
          </reporter-output>
        </test-method> <!-- logintoNeoStox -->
        <test-method signature="validateUserID()[pri:-1, instance:neoStoxTestclasses.ValidateNeoStoxAccBalance2@121314f7]" started-at="2022-12-15T14:45:19 IST" name="validateUserID" finished-at="2022-12-15T14:45:20 IST" duration-ms="525" status="PASS">
          <reporter-output>
            <line>
              <![CDATA[waiting for1000ms]]>
            </line>
            <line>
              <![CDATA[getting actual user name]]>
            </line>
            <line>
              <![CDATA[Actual user name is Akshay Nangare]]>
            </line>
            <line>
              <![CDATA[ReadingUserNamefrom property file]]>
            </line>
            <line>
              <![CDATA[waiting for1000ms]]>
            </line>
            <line>
              <![CDATA[getting actual user name]]>
            </line>
            <line>
              <![CDATA[Actual user name is Akshay Nangare]]>
            </line>
            <line>
              <![CDATA[waiting for500ms]]>
            </line>
            <line>
              <![CDATA[taking screenshot]]>
            </line>
          </reporter-output>
        </test-method> <!-- validateUserID -->
        <test-method is-config="true" signature="logOutFromNeoStox()[pri:0, instance:neoStoxTestclasses.ValidateNeoStoxAccBalance2@121314f7]" started-at="2022-12-15T14:45:20 IST" name="logOutFromNeoStox" finished-at="2022-12-15T14:45:21 IST" duration-ms="1370" status="PASS">
          <reporter-output>
            <line>
              <![CDATA[waiting for1000ms]]>
            </line>
            <line>
              <![CDATA[waiting for1000ms]]>
            </line>
            <line>
              <![CDATA[Logging out]]>
            </line>
          </reporter-output>
        </test-method> <!-- logOutFromNeoStox -->
        <test-method is-config="true" signature="logintoNeoStox()[pri:0, instance:neoStoxTestclasses.ValidateNeoStoxAccBalance2@121314f7]" started-at="2022-12-15T14:45:21 IST" name="logintoNeoStox" finished-at="2022-12-15T14:45:29 IST" duration-ms="8242" status="PASS">
          <reporter-output>
            <line>
              <![CDATA[waiting for1000ms]]>
            </line>
            <line>
              <![CDATA[Clicking on Sign In button]]>
            </line>
            <line>
              <![CDATA[ReadingMobileNumfrom property file]]>
            </line>
            <line>
              <![CDATA[waiting for1000ms]]>
            </line>
            <line>
              <![CDATA[Entering mobileNumber]]>
            </line>
            <line>
              <![CDATA[waiting for1000ms]]>
            </line>
            <line>
              <![CDATA[Clicking on SignIN Button]]>
            </line>
            <line>
              <![CDATA[waiting for1000ms]]>
            </line>
            <line>
              <![CDATA[ReadingPasscodefrom property file]]>
            </line>
            <line>
              <![CDATA[waiting for3000ms]]>
            </line>
            <line>
              <![CDATA[Entering password]]>
            </line>
            <line>
              <![CDATA[waiting for3000ms]]>
            </line>
            <line>
              <![CDATA[Clicking on submit Button]]>
            </line>
            <line>
              <![CDATA[there is no Popup]]>
            </line>
          </reporter-output>
        </test-method> <!-- logintoNeoStox -->
        <test-method signature="validateAccBalance()[pri:0, instance:neoStoxTestclasses.ValidateNeoStoxAccBalance2@121314f7]" started-at="2022-12-15T14:45:29 IST" name="validateAccBalance" finished-at="2022-12-15T14:45:29 IST" duration-ms="261" status="PASS">
          <reporter-output>
            <line>
              <![CDATA[waiting for1000ms]]>
            </line>
            <line>
              <![CDATA[getting accBalance ]]>
            </line>
            <line>
              <![CDATA[Account Balance is Rs.5,00,000.00]]>
            </line>
            <line>
              <![CDATA[waiting for500ms]]>
            </line>
            <line>
              <![CDATA[taking screenshot]]>
            </line>
          </reporter-output>
        </test-method> <!-- validateAccBalance -->
        <test-method is-config="true" signature="logOutFromNeoStox()[pri:0, instance:neoStoxTestclasses.ValidateNeoStoxAccBalance2@121314f7]" started-at="2022-12-15T14:45:29 IST" name="logOutFromNeoStox" finished-at="2022-12-15T14:45:30 IST" duration-ms="254" status="PASS">
          <reporter-output>
            <line>
              <![CDATA[waiting for1000ms]]>
            </line>
            <line>
              <![CDATA[waiting for1000ms]]>
            </line>
            <line>
              <![CDATA[Logging out]]>
            </line>
          </reporter-output>
        </test-method> <!-- logOutFromNeoStox -->
        <test-method is-config="true" signature="closeBrowser()[pri:0, instance:neoStoxTestclasses.ValidateNeoStoxAccBalance2@121314f7]" started-at="2022-12-15T14:45:30 IST" name="closeBrowser" finished-at="2022-12-15T14:45:30 IST" duration-ms="241" status="PASS">
          <reporter-output>
            <line>
              <![CDATA[closing browser]]>
            </line>
          </reporter-output>
        </test-method> <!-- closeBrowser -->
      </class> <!-- neoStoxTestclasses.ValidateNeoStoxAccBalance2 -->
    </test> <!-- Default test -->
  </suite> <!-- Default suite -->
</testng-results>
